<?xml version="1.0" encoding="UTF-8"?>
<testsuite xmlns:xsi="http://www.w3.org/2001/XMLSchema-instance" xsi:noNamespaceSchemaLocation="https://maven.apache.org/surefire/maven-surefire-plugin/xsd/surefire-test-report-3.0.xsd" version="3.0" name="de.neuefische.classobjects.StudentTest" time="0.034" tests="3" errors="0" skipped="0" failures="0">
  <properties>
[...]
</properties>
  <testcase name="checkingSetGetLastName" classname="de.neuefische.classobjects.StudentTest" time="0.018"/>
  <testcase name="checkingSetGetFirstName" classname="de.neuefische.classobjects.StudentTest" time="0.002"/>
  <testcase name="checkingSetGetId" classname="de.neuefische.classobjects.StudentTest" time="0.001"/>
</testsuite>